2020-06-03 08:06:09,338 INFO o.a.j.u.JMeterUtils: Setting Locale to en_EN
2020-06-03 08:06:09,381 INFO o.a.j.JMeter: Loading user properties from: /opt/jmeter/bin/user.properties
2020-06-03 08:06:09,382 INFO o.a.j.JMeter: Loading system properties from: /opt/jmeter/bin/system.properties
2020-06-03 08:06:09,383 INFO o.a.j.JMeter: Setting JMeter property: PROTOCOL=http
2020-06-03 08:06:09,383 INFO o.a.j.JMeter: Setting JMeter property: SERVER_URL=carts.sockshop-staging.svc.cluster.local
2020-06-03 08:06:09,384 INFO o.a.j.JMeter: Setting JMeter property: DT_LTN=PerfCheck_9dc2a0e9-6067-4804-9bd1-45cb8bfb10e8
2020-06-03 08:06:09,384 INFO o.a.j.JMeter: Setting JMeter property: VUCount=10
2020-06-03 08:06:09,384 INFO o.a.j.JMeter: Setting JMeter property: LoopCount=500
2020-06-03 08:06:09,384 INFO o.a.j.JMeter: Setting JMeter property: CHECK_PATH=/health
2020-06-03 08:06:09,384 INFO o.a.j.JMeter: Setting JMeter property: SERVER_PORT=80
2020-06-03 08:06:09,384 INFO o.a.j.JMeter: Setting JMeter property: ThinkTime=250
2020-06-03 08:06:09,387 INFO o.a.j.JMeter: Copyright (c) 1998-2019 The Apache Software Foundation
2020-06-03 08:06:09,387 INFO o.a.j.JMeter: Version 5.2.1
2020-06-03 08:06:09,387 INFO o.a.j.JMeter: java.version=14.0.1
2020-06-03 08:06:09,387 INFO o.a.j.JMeter: java.vm.name=OpenJDK 64-Bit Server VM
2020-06-03 08:06:09,387 INFO o.a.j.JMeter: os.name=Linux
2020-06-03 08:06:09,387 INFO o.a.j.JMeter: os.arch=amd64
2020-06-03 08:06:09,388 INFO o.a.j.JMeter: os.version=5.6.14-arch1-1
2020-06-03 08:06:09,388 INFO o.a.j.JMeter: file.encoding=UTF-8
2020-06-03 08:06:09,388 INFO o.a.j.JMeter: java.awt.headless=true
2020-06-03 08:06:09,388 INFO o.a.j.JMeter: Max memory     =1073741824
2020-06-03 08:06:09,388 INFO o.a.j.JMeter: Available Processors =12
2020-06-03 08:06:09,406 INFO o.a.j.JMeter: Default Locale=English (EN)
2020-06-03 08:06:09,407 INFO o.a.j.JMeter: JMeter  Locale=English (EN)
2020-06-03 08:06:09,407 INFO o.a.j.JMeter: JMeterHome=/opt/jmeter
2020-06-03 08:06:09,407 INFO o.a.j.JMeter: user.dir  =/home/thsc/Workspace/keptn-onboarding/src/keptn/jmeter-service
2020-06-03 08:06:09,407 INFO o.a.j.JMeter: PWD       =/home/thsc/Workspace/keptn-onboarding/src/keptn/jmeter-service
2020-06-03 08:06:09,408 INFO o.a.j.JMeter: IP: 127.0.0.1 Name: TSC-UX FullName: localhost
2020-06-03 08:06:09,419 INFO o.a.j.s.FileServer: Default base='/home/thsc/Workspace/keptn-onboarding/src/keptn/jmeter-service'
2020-06-03 08:06:09,422 INFO o.a.j.s.FileServer: Set new base='/home/thsc/Workspace/keptn-onboarding/src/keptn/jmeter-service/./jmeter'
2020-06-03 08:06:09,655 INFO o.a.j.s.SaveService: Testplan (JMX) version: 2.2. Testlog (JTL) version: 2.2
2020-06-03 08:06:09,667 INFO o.a.j.s.SaveService: Using SaveService properties version 5.0
2020-06-03 08:06:09,671 INFO o.a.j.s.SaveService: Using SaveService properties file encoding UTF-8
2020-06-03 08:06:09,676 INFO o.a.j.s.SaveService: Loading file: ./jmeter/load.jmx
2020-06-03 08:06:09,737 INFO o.a.j.p.h.c.CookieManager: Settings: Delete null: true Check: true Allow variable: true Save: false Prefix: COOKIE_
2020-06-03 08:06:09,790 INFO o.a.j.p.h.s.HTTPSamplerBase: Parser for text/html is org.apache.jmeter.protocol.http.parser.LagartoBasedHtmlParser
2020-06-03 08:06:09,790 INFO o.a.j.p.h.s.HTTPSamplerBase: Parser for application/xhtml+xml is org.apache.jmeter.protocol.http.parser.LagartoBasedHtmlParser
2020-06-03 08:06:09,790 INFO o.a.j.p.h.s.HTTPSamplerBase: Parser for application/xml is org.apache.jmeter.protocol.http.parser.LagartoBasedHtmlParser
2020-06-03 08:06:09,790 INFO o.a.j.p.h.s.HTTPSamplerBase: Parser for text/xml is org.apache.jmeter.protocol.http.parser.LagartoBasedHtmlParser
2020-06-03 08:06:09,790 INFO o.a.j.p.h.s.HTTPSamplerBase: Parser for text/vnd.wap.wml is org.apache.jmeter.protocol.http.parser.RegexpHTMLParser
2020-06-03 08:06:09,790 INFO o.a.j.p.h.s.HTTPSamplerBase: Parser for text/css is org.apache.jmeter.protocol.http.parser.CssParser
2020-06-03 08:06:09,824 INFO o.a.j.JMeter: Creating summariser <summary>
2020-06-03 08:06:09,832 INFO o.a.j.e.StandardJMeterEngine: Running the test!
2020-06-03 08:06:09,834 INFO o.a.j.s.SampleEvent: List of sample_variables: []
2020-06-03 08:06:09,835 INFO o.a.j.s.SampleEvent: List of sample_variables: []
2020-06-03 08:06:09,842 INFO o.a.j.e.u.CompoundVariable: Note: Function class names must contain the string: '.functions.'
2020-06-03 08:06:09,842 INFO o.a.j.e.u.CompoundVariable: Note: Function class names must not contain the string: '.gui.'
2020-06-03 08:06:10,334 INFO o.a.j.JMeter: Running test (1591164370334)
2020-06-03 08:06:10,357 INFO o.a.j.e.StandardJMeterEngine: Starting ThreadGroup: 1 : Thread Group
2020-06-03 08:06:10,357 INFO o.a.j.e.StandardJMeterEngine: Starting 10 threads for group Thread Group.
2020-06-03 08:06:10,358 INFO o.a.j.e.StandardJMeterEngine: Thread will continue on error
2020-06-03 08:06:10,358 INFO o.a.j.t.ThreadGroup: Starting thread group... number=1 threads=10 ramp-up=1 delayedStart=false
2020-06-03 08:06:10,376 INFO o.a.j.t.JMeterThread: Thread started: Thread Group 1-1
2020-06-03 08:06:10,446 INFO o.a.j.p.h.s.HTTPHCAbstractImpl: Local host = TSC-UX
2020-06-03 08:06:10,455 INFO o.a.j.p.h.s.HTTPHC4Impl: HTTP request retry count = 0
2020-06-03 08:06:10,457 INFO o.a.j.s.SampleResult: Note: Sample TimeStamps are START times
2020-06-03 08:06:10,457 INFO o.a.j.s.SampleResult: sampleresult.default.encoding is set to ISO-8859-1
2020-06-03 08:06:10,457 INFO o.a.j.s.SampleResult: sampleresult.useNanoTime=true
2020-06-03 08:06:10,457 INFO o.a.j.s.SampleResult: sampleresult.nanoThreadSleep=5000
2020-06-03 08:06:10,474 INFO o.a.j.t.JMeterThread: Thread started: Thread Group 1-2
2020-06-03 08:06:10,495 INFO o.a.j.t.ThreadGroup: Started thread group number 1
2020-06-03 08:06:10,495 INFO o.a.j.e.StandardJMeterEngine: All thread groups have been started
2020-06-03 08:06:10,573 INFO o.a.j.t.JMeterThread: Thread started: Thread Group 1-3
2020-06-03 08:06:10,667 INFO o.a.j.t.JMeterThread: Thread started: Thread Group 1-4
2020-06-03 08:06:10,768 INFO o.a.j.t.JMeterThread: Thread started: Thread Group 1-5
2020-06-03 08:06:10,884 INFO o.a.j.t.JMeterThread: Thread started: Thread Group 1-6
2020-06-03 08:06:10,968 INFO o.a.j.t.JMeterThread: Thread started: Thread Group 1-7
2020-06-03 08:06:11,071 INFO o.a.j.t.JMeterThread: Thread started: Thread Group 1-8
2020-06-03 08:06:11,167 INFO o.a.j.t.JMeterThread: Thread started: Thread Group 1-9
2020-06-03 08:06:11,277 INFO o.a.j.t.JMeterThread: Thread started: Thread Group 1-10
2020-06-03 08:06:12,242 INFO o.a.j.t.JMeterThread: Thread is done: Thread Group 1-5
2020-06-03 08:06:12,243 INFO o.a.j.t.JMeterThread: Thread finished: Thread Group 1-5
2020-06-03 08:06:12,245 INFO o.a.j.t.JMeterThread: Thread is done: Thread Group 1-4
2020-06-03 08:06:12,246 INFO o.a.j.t.JMeterThread: Thread finished: Thread Group 1-4
2020-06-03 08:06:12,303 INFO o.a.j.t.JMeterThread: Thread is done: Thread Group 1-1
2020-06-03 08:06:12,303 INFO o.a.j.t.JMeterThread: Thread finished: Thread Group 1-1
2020-06-03 08:06:12,317 INFO o.a.j.t.JMeterThread: Thread is done: Thread Group 1-2
2020-06-03 08:06:12,317 INFO o.a.j.t.JMeterThread: Thread finished: Thread Group 1-2
2020-06-03 08:06:12,328 INFO o.a.j.t.JMeterThread: Thread is done: Thread Group 1-3
2020-06-03 08:06:12,328 INFO o.a.j.t.JMeterThread: Thread finished: Thread Group 1-3
2020-06-03 08:06:12,389 INFO o.a.j.t.JMeterThread: Thread is done: Thread Group 1-6
2020-06-03 08:06:12,390 INFO o.a.j.t.JMeterThread: Thread finished: Thread Group 1-6
2020-06-03 08:06:12,420 INFO o.a.j.t.JMeterThread: Thread is done: Thread Group 1-8
2020-06-03 08:06:12,420 INFO o.a.j.t.JMeterThread: Thread finished: Thread Group 1-8
2020-06-03 08:06:12,433 INFO o.a.j.t.JMeterThread: Thread is done: Thread Group 1-7
2020-06-03 08:06:12,435 INFO o.a.j.t.JMeterThread: Thread finished: Thread Group 1-7
2020-06-03 08:06:12,556 INFO o.a.j.t.JMeterThread: Thread is done: Thread Group 1-10
2020-06-03 08:06:12,556 INFO o.a.j.t.JMeterThread: Thread finished: Thread Group 1-10
2020-06-03 08:06:12,582 INFO o.a.j.t.JMeterThread: Thread is done: Thread Group 1-9
2020-06-03 08:06:12,582 INFO o.a.j.t.JMeterThread: Thread finished: Thread Group 1-9
2020-06-03 08:06:12,583 INFO o.a.j.e.StandardJMeterEngine: Notifying test listeners of end of test
2020-06-03 08:06:12,584 INFO o.a.j.r.Summariser: summary =   5000 in 00:00:02 = 2223.2/s Avg:     0 Min:     0 Max:   124 Err:  5000 (100.00%)
